This file contains any messages produced by compilers while
running configure, to aid debugging if configure makes a mistake.

It was created by onig configure 5.9.6, which was
generated by GNU Autoconf 2.68.  Invocation command line was

  $ ./configure 

## --------- ##
## Platform. ##
## --------- ##

hostname = localhost
uname -m = x86_64
uname -r = 15.6.0
uname -s = Darwin
uname -v = Darwin Kernel Version 15.6.0: Mon Jan  9 23:07:29 PST 2017; root:xnu-3248.60.11.2.1~1/RELEASE_X86_64

/usr/bin/uname -p = i386
/bin/uname -X     = unknown

/bin/arch              = unknown
/usr/bin/arch -k       = unknown
/usr/convex/getsysinfo = unknown
/usr/bin/hostinfo      = Mach kernel version:
	 Darwin Kernel Version 15.6.0: Mon Jan  9 23:07:29 PST 2017; root:xnu-3248.60.11.2.1~1/RELEASE_X86_64
Kernel configured for up to 4 processors.
2 processors are physically available.
4 processors are logically available.
Processor type: x86_64h (Intel x86-64h Haswell)
Processors active: 0 1 2 3
Primary memory available: 8.00 gigabytes
Default processor set: 237 tasks, 1274 threads, 4 processors
Load average: 3.52, Mach factor: 1.29
/bin/machine           = unknown
/usr/bin/oslevel       = unknown
/bin/universe          = unknown

PATH: /Users/guohaifeng/.pyenv/shims
PATH: /Library/Frameworks/Python.framework/Versions/3.6/bin
PATH: /usr/local/bin
PATH: /usr/bin
PATH: /bin
PATH: /usr/sbin
PATH: /sbin
PATH: /usr/local/go/bin
PATH: /usr/local/go/bin
PATH: /usr/local/mysql/bin


## ----------- ##
## Core tests. ##
## ----------- ##

configure:2462: checking for a BSD-compatible install
configure:2530: result: /usr/bin/install -c
configure:2541: checking whether build environment is sane
configure:2591: result: yes
configure:2732: checking for a thread-safe mkdir -p
configure:2771: result: ./install-sh -c -d
configure:2784: checking for gawk
configure:2814: result: no
configure:2784: checking for mawk
configure:2814: result: no
configure:2784: checking for nawk
configure:2814: result: no
configure:2784: checking for awk
configure:2800: found /usr/bin/awk
configure:2811: result: awk
configure:2822: checking whether make sets $(MAKE)
configure:2844: result: yes
configure:3017: checking for gcc
configure:3033: found /usr/bin/gcc
configure:3044: result: gcc
configure:3273: checking for C compiler version
configure:3282: gcc --version >&5
Apple LLVM version 8.0.0 (clang-800.0.42.1)
Target: x86_64-apple-darwin15.6.0
Thread model: posix
InstalledDir: /Applications/Xcode.app/Contents/Developer/Toolchains/XcodeDefault.xctoolchain/usr/bin
Configured with: --prefix=/Applications/Xcode.app/Contents/Developer/usr --with-gxx-include-dir=/usr/include/c++/4.2.1
configure:3293: $? = 0
configure:3282: gcc -v >&5
Configured with: --prefix=/Applications/Xcode.app/Contents/Developer/usr --with-gxx-include-dir=/usr/include/c++/4.2.1
Apple LLVM version 8.0.0 (clang-800.0.42.1)
Target: x86_64-apple-darwin15.6.0
Thread model: posix
InstalledDir: /Applications/Xcode.app/Contents/Developer/Toolchains/XcodeDefault.xctoolchain/usr/bin
configure:3293: $? = 0
configure:3282: gcc -V >&5
clang: error: argument to '-V' is missing (expected 1 value)
clang: error: no input files
configure:3293: $? = 1
configure:3282: gcc -qversion >&5
clang: error: unknown argument: '-qversion'
clang: error: no input files
configure:3293: $? = 1
configure:3313: checking whether the C compiler works
configure:3335: gcc    conftest.c  >&5
configure:3339: $? = 0
configure:3387: result: yes
configure:3390: checking for C compiler default output file name
configure:3392: result: a.out
configure:3398: checking for suffix of executables
configure:3405: gcc -o conftest    conftest.c  >&5
configure:3409: $? = 0
configure:3431: result: 
configure:3453: checking whether we are cross compiling
configure:3461: gcc -o conftest    conftest.c  >&5
configure:3465: $? = 0
configure:3472: ./conftest
configure:3476: $? = 0
configure:3491: result: no
configure:3496: checking for suffix of object files
configure:3518: gcc -c   conftest.c >&5
configure:3522: $? = 0
configure:3543: result: o
configure:3547: checking whether we are using the GNU C compiler
configure:3566: gcc -c   conftest.c >&5
configure:3566: $? = 0
configure:3575: result: yes
configure:3584: checking whether gcc accepts -g
configure:3604: gcc -c -g  conftest.c >&5
configure:3604: $? = 0
configure:3645: result: yes
configure:3662: checking for gcc option to accept ISO C89
configure:3726: gcc  -c -g -O2  conftest.c >&5
configure:3726: $? = 0
configure:3739: result: none needed
configure:3770: checking for style of include used by make
configure:3798: result: GNU
configure:3824: checking dependency style of gcc
configure:3935: result: gcc3
configure:3979: checking build system type
configure:3993: result: i386-apple-darwin15.6.0
configure:4013: checking host system type
configure:4026: result: i386-apple-darwin15.6.0
configure:4067: checking how to print strings
configure:4094: result: printf
configure:4115: checking for a sed that does not truncate output
configure:4179: result: /usr/bin/sed
configure:4197: checking for grep that handles long lines and -e
configure:4255: result: /usr/bin/grep
configure:4260: checking for egrep
configure:4322: result: /usr/bin/grep -E
configure:4327: checking for fgrep
configure:4389: result: /usr/bin/grep -F
configure:4424: checking for ld used by gcc
configure:4491: result: /Applications/Xcode.app/Contents/Developer/Toolchains/XcodeDefault.xctoolchain/usr/bin/ld
configure:4498: checking if the linker (/Applications/Xcode.app/Contents/Developer/Toolchains/XcodeDefault.xctoolchain/usr/bin/ld) is GNU ld
configure:4513: result: no
configure:4525: checking for BSD- or MS-compatible name lister (nm)
configure:4574: result: /usr/bin/nm -B
configure:4704: checking the name lister (/usr/bin/nm -B) interface
configure:4711: gcc -c -g -O2  conftest.c >&5
configure:4714: /usr/bin/nm -B "conftest.o"
configure:4717: output
0000000000000200 S _some_variable
configure:4724: result: BSD nm
configure:4727: checking whether ln -s works
configure:4731: result: yes
configure:4739: checking the maximum length of command line arguments
configure:4869: result: 196608
configure:4886: checking whether the shell understands some XSI constructs
configure:4896: result: yes
configure:4900: checking whether the shell understands "+="
configure:4906: result: yes
configure:4941: checking how to convert i386-apple-darwin15.6.0 file names to i386-apple-darwin15.6.0 format
configure:4981: result: func_convert_file_noop
configure:4988: checking how to convert i386-apple-darwin15.6.0 file names to toolchain format
configure:5008: result: func_convert_file_noop
configure:5015: checking for /Applications/Xcode.app/Contents/Developer/Toolchains/XcodeDefault.xctoolchain/usr/bin/ld option to reload object files
configure:5022: result: -r
configure:5096: checking for objdump
configure:5126: result: no
configure:5155: checking how to recognize dependent libraries
configure:5357: result: pass_all
configure:5442: checking for dlltool
configure:5472: result: no
configure:5502: checking how to associate runtime and link libraries
configure:5529: result: printf %s\n
configure:5590: checking for ar
configure:5606: found /usr/bin/ar
configure:5617: result: ar
configure:5654: checking for archiver @FILE support
configure:5671: gcc -c -g -O2  conftest.c >&5
configure:5671: $? = 0
configure:5674: ar cru libconftest.a @conftest.lst >&5
ar: @conftest.lst: No such file or directory
configure:5677: $? = 1
configure:5697: result: no
configure:5755: checking for strip
configure:5771: found /usr/bin/strip
configure:5782: result: strip
configure:5854: checking for ranlib
configure:5870: found /usr/bin/ranlib
configure:5881: result: ranlib
configure:5983: checking command to parse /usr/bin/nm -B output from gcc object
configure:6103: gcc -c -g -O2  conftest.c >&5
configure:6106: $? = 0
configure:6110: /usr/bin/nm -B conftest.o \| sed -n -e 's/^.*[ ]\([BCDEGRST][BCDEGRST]*\)[ ][ ]*\([_A-Za-z][_A-Za-z0-9]*\)$/\1 \2 \2/p' | sed '/ __gnu_lto/d' \> conftest.nm
configure:6113: $? = 0
cannot find nm_test_var in conftest.nm
configure:6103: gcc -c -g -O2  conftest.c >&5
configure:6106: $? = 0
configure:6110: /usr/bin/nm -B conftest.o \| sed -n -e 's/^.*[ ]\([BCDEGRST][BCDEGRST]*\)[ ][ ]*_\([_A-Za-z][_A-Za-z0-9]*\)$/\1 _\2 \2/p' | sed '/ __gnu_lto/d' \> conftest.nm
configure:6113: $? = 0
configure:6179: gcc -o conftest -g -O2   conftest.c conftstm.o >&5
warning: (x86_64)  could not find object file symbol for symbol _main
configure:6182: $? = 0
configure:6220: result: ok
configure:6257: checking for sysroot
configure:6287: result: no
configure:6543: checking for mt
configure:6573: result: no
configure:6593: checking if : is a manifest tool
configure:6599: : '-?'
configure:6607: result: no
configure:6663: checking for dsymutil
configure:6679: found /usr/bin/dsymutil
configure:6690: result: dsymutil
configure:6755: checking for nmedit
configure:6771: found /usr/bin/nmedit
configure:6782: result: nmedit
configure:6847: checking for lipo
configure:6863: found /usr/bin/lipo
configure:6874: result: lipo
configure:6939: checking for otool
configure:6955: found /usr/bin/otool
configure:6966: result: otool
configure:7031: checking for otool64
configure:7061: result: no
configure:7106: checking for -single_module linker flag
gcc -g -O2  -o libconftest.dylib -dynamiclib -Wl,-single_module conftest.c
configure:7139: result: yes
configure:7142: checking for -exported_symbols_list linker flag
configure:7162: gcc -o conftest -g -O2   -Wl,-exported_symbols_list,conftest.sym conftest.c  >&5
configure:7162: $? = 0
configure:7172: result: yes
configure:7175: checking for -force_load linker flag
gcc -g -O2 -c -o conftest.o conftest.c
ar cru libconftest.a conftest.o
ranlib libconftest.a
gcc -g -O2  -o conftest conftest.c -Wl,-force_load,./libconftest.a
configure:7207: result: yes
configure:7249: checking how to run the C preprocessor
configure:7280: gcc -E  conftest.c
configure:7280: $? = 0
configure:7294: gcc -E  conftest.c
conftest.c:11:10: fatal error: 'ac_nonexistent.h' file not found
#include <ac_nonexistent.h>
         ^
1 error generated.
configure:7294: $? = 1
configure: failed program was:
| /* confdefs.h */
| #define PACKAGE_NAME "onig"
| #define PACKAGE_TARNAME "onig"
| #define PACKAGE_VERSION "5.9.6"
| #define PACKAGE_STRING "onig 5.9.6"
| #define PACKAGE_BUGREPORT ""
| #define PACKAGE_URL ""
| #define PACKAGE "onig"
| #define VERSION "5.9.6"
| /* end confdefs.h.  */
| #include <ac_nonexistent.h>
configure:7319: result: gcc -E
configure:7339: gcc -E  conftest.c
configure:7339: $? = 0
configure:7353: gcc -E  conftest.c
conftest.c:11:10: fatal error: 'ac_nonexistent.h' file not found
#include <ac_nonexistent.h>
         ^
1 error generated.
configure:7353: $? = 1
configure: failed program was:
| /* confdefs.h */
| #define PACKAGE_NAME "onig"
| #define PACKAGE_TARNAME "onig"
| #define PACKAGE_VERSION "5.9.6"
| #define PACKAGE_STRING "onig 5.9.6"
| #define PACKAGE_BUGREPORT ""
| #define PACKAGE_URL ""
| #define PACKAGE "onig"
| #define VERSION "5.9.6"
| /* end confdefs.h.  */
| #include <ac_nonexistent.h>
configure:7382: checking for ANSI C header files
configure:7402: gcc -c -g -O2  conftest.c >&5
configure:7402: $? = 0
configure:7475: gcc -o conftest -g -O2   conftest.c  >&5
configure:7475: $? = 0
configure:7475: ./conftest
configure:7475: $? = 0
configure:7486: result: yes
configure:7499: checking for sys/types.h
configure:7499: gcc -c -g -O2  conftest.c >&5
configure:7499: $? = 0
configure:7499: result: yes
configure:7499: checking for sys/stat.h
configure:7499: gcc -c -g -O2  conftest.c >&5
configure:7499: $? = 0
configure:7499: result: yes
configure:7499: checking for stdlib.h
configure:7499: gcc -c -g -O2  conftest.c >&5
configure:7499: $? = 0
configure:7499: result: yes
configure:7499: checking for string.h
configure:7499: gcc -c -g -O2  conftest.c >&5
configure:7499: $? = 0
configure:7499: result: yes
configure:7499: checking for memory.h
configure:7499: gcc -c -g -O2  conftest.c >&5
configure:7499: $? = 0
configure:7499: result: yes
configure:7499: checking for strings.h
configure:7499: gcc -c -g -O2  conftest.c >&5
configure:7499: $? = 0
configure:7499: result: yes
configure:7499: checking for inttypes.h
configure:7499: gcc -c -g -O2  conftest.c >&5
configure:7499: $? = 0
configure:7499: result: yes
configure:7499: checking for stdint.h
configure:7499: gcc -c -g -O2  conftest.c >&5
configure:7499: $? = 0
configure:7499: result: yes
configure:7499: checking for unistd.h
configure:7499: gcc -c -g -O2  conftest.c >&5
configure:7499: $? = 0
configure:7499: result: yes
configure:7513: checking for dlfcn.h
configure:7513: gcc -c -g -O2  conftest.c >&5
configure:7513: $? = 0
configure:7513: result: yes
configure:7719: checking for objdir
configure:7734: result: .libs
configure:8005: checking if gcc supports -fno-rtti -fno-exceptions
configure:8023: gcc -c -g -O2  -fno-rtti -fno-exceptions conftest.c >&5
configure:8027: $? = 0
configure:8040: result: yes
configure:8367: checking for gcc option to produce PIC
configure:8374: result: -fno-common -DPIC
configure:8382: checking if gcc PIC flag -fno-common -DPIC works
configure:8400: gcc -c -g -O2  -fno-common -DPIC -DPIC conftest.c >&5
configure:8404: $? = 0
configure:8417: result: yes
configure:8446: checking if gcc static flag -static works
configure:8474: result: no
configure:8489: checking if gcc supports -c -o file.o
configure:8510: gcc -c -g -O2  -o out/conftest2.o conftest.c >&5
configure:8514: $? = 0
configure:8536: result: yes
configure:8544: checking if gcc supports -c -o file.o
configure:8591: result: yes
configure:8624: checking whether the gcc linker (/Applications/Xcode.app/Contents/Developer/Toolchains/XcodeDefault.xctoolchain/usr/bin/ld) supports shared libraries
configure:9781: result: yes
configure:10021: checking dynamic linker characteristics
configure:10766: result: darwin15.6.0 dyld
configure:10873: checking how to hardcode library paths into programs
configure:10898: result: immediate
configure:11438: checking whether stripping libraries is possible
configure:11452: result: yes
configure:11478: checking if libtool supports shared libraries
configure:11480: result: yes
configure:11483: checking whether to build shared libraries
configure:11504: result: yes
configure:11507: checking whether to build static libraries
configure:11511: result: yes
configure:11552: checking whether make sets $(MAKE)
configure:11574: result: yes
configure:11585: checking for ANSI C header files
configure:11689: result: yes
configure:11700: checking for stdlib.h
configure:11700: result: yes
configure:11700: checking for string.h
configure:11700: result: yes
configure:11700: checking for strings.h
configure:11700: result: yes
configure:11700: checking sys/time.h usability
configure:11700: gcc -c -g -O2  conftest.c >&5
configure:11700: $? = 0
configure:11700: result: yes
configure:11700: checking sys/time.h presence
configure:11700: gcc -E  conftest.c
configure:11700: $? = 0
configure:11700: result: yes
configure:11700: checking for sys/time.h
configure:11700: result: yes
configure:11700: checking for unistd.h
configure:11700: result: yes
configure:11700: checking sys/times.h usability
configure:11700: gcc -c -g -O2  conftest.c >&5
configure:11700: $? = 0
configure:11700: result: yes
configure:11700: checking sys/times.h presence
configure:11700: gcc -E  conftest.c
configure:11700: $? = 0
configure:11700: result: yes
configure:11700: checking for sys/times.h
configure:11700: result: yes
configure:11715: checking size of int
configure:11720: gcc -o conftest -g -O2   conftest.c  >&5
configure:11720: $? = 0
configure:11720: ./conftest
configure:11720: $? = 0
configure:11734: result: 4
configure:11748: checking size of short
configure:11753: gcc -o conftest -g -O2   conftest.c  >&5
configure:11753: $? = 0
configure:11753: ./conftest
configure:11753: $? = 0
configure:11767: result: 2
configure:11781: checking size of long
configure:11786: gcc -o conftest -g -O2   conftest.c  >&5
configure:11786: $? = 0
configure:11786: ./conftest
configure:11786: $? = 0
configure:11800: result: 8
configure:11810: checking for an ANSI C-conforming const
configure:11875: gcc -c -g -O2  conftest.c >&5
configure:11875: $? = 0
configure:11882: result: yes
configure:11890: checking whether time.h and sys/time.h may both be included
configure:11910: gcc -c -g -O2  conftest.c >&5
configure:11910: $? = 0
configure:11917: result: yes
configure:11926: checking for size_t
configure:11926: gcc -c -g -O2  conftest.c >&5
configure:11926: $? = 0
configure:11926: gcc -c -g -O2  conftest.c >&5
conftest.c:70:21: error: expected expression
if (sizeof ((size_t)))
                    ^
1 error generated.
configure:11926: $? = 1
configure: failed program was:
| /* confdefs.h */
| #define PACKAGE_NAME "onig"
| #define PACKAGE_TARNAME "onig"
| #define PACKAGE_VERSION "5.9.6"
| #define PACKAGE_STRING "onig 5.9.6"
| #define PACKAGE_BUGREPORT ""
| #define PACKAGE_URL ""
| #define PACKAGE "onig"
| #define VERSION "5.9.6"
| #define STDC_HEADERS 1
| #define HAVE_SYS_TYPES_H 1
| #define HAVE_SYS_STAT_H 1
| #define HAVE_STDLIB_H 1
| #define HAVE_STRING_H 1
| #define HAVE_MEMORY_H 1
| #define HAVE_STRINGS_H 1
| #define HAVE_INTTYPES_H 1
| #define HAVE_STDINT_H 1
| #define HAVE_UNISTD_H 1
| #define HAVE_DLFCN_H 1
| #define LT_OBJDIR ".libs/"
| #define STDC_HEADERS 1
| #define HAVE_STDLIB_H 1
| #define HAVE_STRING_H 1
| #define HAVE_STRINGS_H 1
| #define HAVE_SYS_TIME_H 1
| #define HAVE_UNISTD_H 1
| #define HAVE_SYS_TIMES_H 1
| #define SIZEOF_INT 4
| #define SIZEOF_SHORT 2
| #define SIZEOF_LONG 8
| #define TIME_WITH_SYS_TIME 1
| /* end confdefs.h.  */
| #include <stdio.h>
| #ifdef HAVE_SYS_TYPES_H
| # include <sys/types.h>
| #endif
| #ifdef HAVE_SYS_STAT_H
| # include <sys/stat.h>
| #endif
| #ifdef STDC_HEADERS
| # include <stdlib.h>
| # include <stddef.h>
| #else
| # ifdef HAVE_STDLIB_H
| #  include <stdlib.h>
| # endif
| #endif
| #ifdef HAVE_STRING_H
| # if !defined STDC_HEADERS && defined HAVE_MEMORY_H
| #  include <memory.h>
| # endif
| # include <string.h>
| #endif
| #ifdef HAVE_STRINGS_H
| # include <strings.h>
| #endif
| #ifdef HAVE_INTTYPES_H
| # include <inttypes.h>
| #endif
| #ifdef HAVE_STDINT_H
| # include <stdint.h>
| #endif
| #ifdef HAVE_UNISTD_H
| # include <unistd.h>
| #endif
| int
| main ()
| {
| if (sizeof ((size_t)))
| 	    return 0;
|   ;
|   return 0;
| }
configure:11926: result: yes
configure:11939: checking for working alloca.h
configure:11956: gcc -o conftest -g -O2   conftest.c  >&5
configure:11956: $? = 0
configure:11964: result: yes
configure:11972: checking for alloca
configure:12009: gcc -o conftest -g -O2   conftest.c  >&5
configure:12009: $? = 0
configure:12017: result: yes
configure:12126: checking for working memcmp
configure:12169: gcc -o conftest -g -O2   conftest.c  >&5
configure:12169: $? = 0
configure:12169: ./conftest
configure:12169: $? = 0
configure:12179: result: yes
configure:12189: checking for prototypes
configure:12205: gcc -c -g -O2  conftest.c >&5
configure:12205: $? = 0
configure:12212: result: yes
configure:12220: checking for variable length prototypes and stdarg.h
configure:12246: gcc -c -g -O2  conftest.c >&5
configure:12246: $? = 0
configure:12253: result: yes
configure:12396: creating ./config.status

## ---------------------- ##
## Running config.status. ##
## ---------------------- ##

This file was extended by onig config.status 5.9.6, which was
generated by GNU Autoconf 2.68.  Invocation command line was

  CONFIG_FILES    = 
  CONFIG_HEADERS  = 
  CONFIG_LINKS    = 
  CONFIG_COMMANDS = 
  $ ./config.status 

on localhost

config.status:1107: creating Makefile
config.status:1107: creating onig-config
config.status:1107: creating sample/Makefile
config.status:1107: creating config.h
config.status:1336: executing depfiles commands
config.status:1336: executing libtool commands
config.status:1336: executing default commands

## ---------------- ##
## Cache variables. ##
## ---------------- ##

_cv_have_prototypes=yes
_cv_stdarg=yes
ac_cv_build=i386-apple-darwin15.6.0
ac_cv_c_compiler_gnu=yes
ac_cv_c_const=yes
ac_cv_env_CC_set=
ac_cv_env_CC_value=
ac_cv_env_CFLAGS_set=
ac_cv_env_CFLAGS_value=
ac_cv_env_CPPFLAGS_set=
ac_cv_env_CPPFLAGS_value=
ac_cv_env_CPP_set=
ac_cv_env_CPP_value=
ac_cv_env_LDFLAGS_set=
ac_cv_env_LDFLAGS_value=
ac_cv_env_LIBS_set=
ac_cv_env_LIBS_value=
ac_cv_env_build_alias_set=
ac_cv_env_build_alias_value=
ac_cv_env_host_alias_set=
ac_cv_env_host_alias_value=
ac_cv_env_target_alias_set=
ac_cv_env_target_alias_value=
ac_cv_func_alloca_works=yes
ac_cv_func_memcmp_working=yes
ac_cv_header_dlfcn_h=yes
ac_cv_header_inttypes_h=yes
ac_cv_header_memory_h=yes
ac_cv_header_stdc=yes
ac_cv_header_stdint_h=yes
ac_cv_header_stdlib_h=yes
ac_cv_header_string_h=yes
ac_cv_header_strings_h=yes
ac_cv_header_sys_stat_h=yes
ac_cv_header_sys_time_h=yes
ac_cv_header_sys_times_h=yes
ac_cv_header_sys_types_h=yes
ac_cv_header_time=yes
ac_cv_header_unistd_h=yes
ac_cv_host=i386-apple-darwin15.6.0
ac_cv_objext=o
ac_cv_path_EGREP='/usr/bin/grep -E'
ac_cv_path_FGREP='/usr/bin/grep -F'
ac_cv_path_GREP=/usr/bin/grep
ac_cv_path_SED=/usr/bin/sed
ac_cv_path_install='/usr/bin/install -c'
ac_cv_prog_AWK=awk
ac_cv_prog_CPP='gcc -E'
ac_cv_prog_ac_ct_AR=ar
ac_cv_prog_ac_ct_CC=gcc
ac_cv_prog_ac_ct_DSYMUTIL=dsymutil
ac_cv_prog_ac_ct_LIPO=lipo
ac_cv_prog_ac_ct_NMEDIT=nmedit
ac_cv_prog_ac_ct_OTOOL=otool
ac_cv_prog_ac_ct_RANLIB=ranlib
ac_cv_prog_ac_ct_STRIP=strip
ac_cv_prog_cc_c89=
ac_cv_prog_cc_g=yes
ac_cv_prog_make_make_set=yes
ac_cv_sizeof_int=4
ac_cv_sizeof_long=8
ac_cv_sizeof_short=2
ac_cv_type_size_t=yes
ac_cv_working_alloca_h=yes
am_cv_CC_dependencies_compiler_type=gcc3
lt_cv_apple_cc_single_mod=yes
lt_cv_ar_at_file=no
lt_cv_deplibs_check_method=pass_all
lt_cv_file_magic_cmd='$MAGIC_CMD'
lt_cv_file_magic_test_file=
lt_cv_ld_exported_symbols_list=yes
lt_cv_ld_force_load=yes
lt_cv_ld_reload_flag=-r
lt_cv_nm_interface='BSD nm'
lt_cv_objdir=.libs
lt_cv_path_LD=/Applications/Xcode.app/Contents/Developer/Toolchains/XcodeDefault.xctoolchain/usr/bin/ld
lt_cv_path_NM='/usr/bin/nm -B'
lt_cv_path_mainfest_tool=no
lt_cv_prog_compiler_c_o=yes
lt_cv_prog_compiler_pic='-fno-common -DPIC'
lt_cv_prog_compiler_pic_works=yes
lt_cv_prog_compiler_rtti_exceptions=yes
lt_cv_prog_compiler_static_works=no
lt_cv_prog_gnu_ld=no
lt_cv_sharedlib_from_linklib_cmd='printf %s\n'
lt_cv_sys_global_symbol_pipe='sed -n -e '\''s/^.*[	 ]\([BCDEGRST][BCDEGRST]*\)[	 ][	 ]*_\([_A-Za-z][_A-Za-z0-9]*\)$/\1 _\2 \2/p'\'' | sed '\''/ __gnu_lto/d'\'''
lt_cv_sys_global_symbol_to_c_name_address='sed -n -e '\''s/^: \([^ ]*\)[ ]*$/  {\"\1\", (void *) 0},/p'\'' -e '\''s/^[BCDEGRST]* \([^ ]*\) \([^ ]*\)$/  {"\2", (void *) \&\2},/p'\'''
lt_cv_sys_global_symbol_to_c_name_address_lib_prefix='sed -n -e '\''s/^: \([^ ]*\)[ ]*$/  {\"\1\", (void *) 0},/p'\'' -e '\''s/^[BCDEGRST]* \([^ ]*\) \(lib[^ ]*\)$/  {"\2", (void *) \&\2},/p'\'' -e '\''s/^[BCDEGRST]* \([^ ]*\) \([^ ]*\)$/  {"lib\2", (void *) \&\2},/p'\'''
lt_cv_sys_global_symbol_to_cdecl='sed -n -e '\''s/^T .* \(.*\)$/extern int \1();/p'\'' -e '\''s/^[BCDEGRST]* .* \(.*\)$/extern char \1;/p'\'''
lt_cv_sys_max_cmd_len=196608
lt_cv_to_host_file_cmd=func_convert_file_noop
lt_cv_to_tool_file_cmd=func_convert_file_noop

## ----------------- ##
## Output variables. ##
## ----------------- ##

ACLOCAL='${SHELL} /Users/guohaifeng/my-space/c/visiond/onig-5.9.6/missing --run aclocal-1.11'
ALLOCA=''
AMDEPBACKSLASH='\'
AMDEP_FALSE='#'
AMDEP_TRUE=''
AMTAR='$${TAR-tar}'
AR='ar'
AUTOCONF='${SHELL} /Users/guohaifeng/my-space/c/visiond/onig-5.9.6/missing --run autoconf'
AUTOHEADER='${SHELL} /Users/guohaifeng/my-space/c/visiond/onig-5.9.6/missing --run autoheader'
AUTOMAKE='${SHELL} /Users/guohaifeng/my-space/c/visiond/onig-5.9.6/missing --run automake-1.11'
AWK='awk'
CC='gcc'
CCDEPMODE='depmode=gcc3'
CFLAGS='-g -O2'
CPP='gcc -E'
CPPFLAGS=''
CYGPATH_W='echo'
DEFS='-DHAVE_CONFIG_H'
DEPDIR='.deps'
DLLTOOL='false'
DSYMUTIL='dsymutil'
DUMPBIN=''
ECHO_C='\c'
ECHO_N=''
ECHO_T=''
EGREP='/usr/bin/grep -E'
EXEEXT=''
FGREP='/usr/bin/grep -F'
GREP='/usr/bin/grep'
INSTALL_DATA='${INSTALL} -m 644'
INSTALL_PROGRAM='${INSTALL}'
INSTALL_SCRIPT='${INSTALL}'
INSTALL_STRIP_PROGRAM='$(install_sh) -c -s'
LD='/Applications/Xcode.app/Contents/Developer/Toolchains/XcodeDefault.xctoolchain/usr/bin/ld'
LDFLAGS=''
LIBOBJS=''
LIBS=''
LIBTOOL='$(SHELL) $(top_builddir)/libtool'
LIPO='lipo'
LN_S='ln -s'
LTLIBOBJS=''
LTVERSION='2:0:0'
MAKEINFO='${SHELL} /Users/guohaifeng/my-space/c/visiond/onig-5.9.6/missing --run makeinfo'
MANIFEST_TOOL=':'
MKDIR_P='./install-sh -c -d'
NM='/usr/bin/nm -B'
NMEDIT='nmedit'
OBJDUMP='false'
OBJEXT='o'
OTOOL64=':'
OTOOL='otool'
PACKAGE='onig'
PACKAGE_BUGREPORT=''
PACKAGE_NAME='onig'
PACKAGE_STRING='onig 5.9.6'
PACKAGE_TARNAME='onig'
PACKAGE_URL=''
PACKAGE_VERSION='5.9.6'
PATH_SEPARATOR=':'
RANLIB='ranlib'
RUBYDIR='..'
SED='/usr/bin/sed'
SET_MAKE=''
SHELL='/bin/sh'
STATISTICS=''
STRIP='strip'
VERSION='5.9.6'
ac_ct_AR='ar'
ac_ct_CC='gcc'
ac_ct_DUMPBIN=''
am__EXEEXT_FALSE=''
am__EXEEXT_TRUE='#'
am__fastdepCC_FALSE='#'
am__fastdepCC_TRUE=''
am__include='include'
am__isrc=''
am__leading_dot='.'
am__nodep='_no'
am__quote=''
am__tar='$${TAR-tar} chof - "$$tardir"'
am__untar='$${TAR-tar} xf -'
bindir='${exec_prefix}/bin'
build='i386-apple-darwin15.6.0'
build_alias=''
build_cpu='i386'
build_os='darwin15.6.0'
build_vendor='apple'
datadir='${datarootdir}'
datarootdir='${prefix}/share'
docdir='${datarootdir}/doc/${PACKAGE_TARNAME}'
dvidir='${docdir}'
exec_prefix='${prefix}'
host='i386-apple-darwin15.6.0'
host_alias=''
host_cpu='i386'
host_os='darwin15.6.0'
host_vendor='apple'
htmldir='${docdir}'
includedir='${prefix}/include'
infodir='${datarootdir}/info'
install_sh='${SHELL} /Users/guohaifeng/my-space/c/visiond/onig-5.9.6/install-sh'
libdir='${exec_prefix}/lib'
libexecdir='${exec_prefix}/libexec'
localedir='${datarootdir}/locale'
localstatedir='${prefix}/var'
mandir='${datarootdir}/man'
mkdir_p='$(top_builddir)/./install-sh -c -d'
oldincludedir='/usr/include'
pdfdir='${docdir}'
prefix='/usr/local'
program_transform_name='s,x,x,'
psdir='${docdir}'
sbindir='${exec_prefix}/sbin'
sharedstatedir='${prefix}/com'
sysconfdir='${prefix}/etc'
target_alias=''

## ----------- ##
## confdefs.h. ##
## ----------- ##

/* confdefs.h */
#define PACKAGE_NAME "onig"
#define PACKAGE_TARNAME "onig"
#define PACKAGE_VERSION "5.9.6"
#define PACKAGE_STRING "onig 5.9.6"
#define PACKAGE_BUGREPORT ""
#define PACKAGE_URL ""
#define PACKAGE "onig"
#define VERSION "5.9.6"
#define STDC_HEADERS 1
#define HAVE_SYS_TYPES_H 1
#define HAVE_SYS_STAT_H 1
#define HAVE_STDLIB_H 1
#define HAVE_STRING_H 1
#define HAVE_MEMORY_H 1
#define HAVE_STRINGS_H 1
#define HAVE_INTTYPES_H 1
#define HAVE_STDINT_H 1
#define HAVE_UNISTD_H 1
#define HAVE_DLFCN_H 1
#define LT_OBJDIR ".libs/"
#define STDC_HEADERS 1
#define HAVE_STDLIB_H 1
#define HAVE_STRING_H 1
#define HAVE_STRINGS_H 1
#define HAVE_SYS_TIME_H 1
#define HAVE_UNISTD_H 1
#define HAVE_SYS_TIMES_H 1
#define SIZEOF_INT 4
#define SIZEOF_SHORT 2
#define SIZEOF_LONG 8
#define TIME_WITH_SYS_TIME 1
#define HAVE_ALLOCA_H 1
#define HAVE_ALLOCA 1
#define HAVE_PROTOTYPES 1
#define HAVE_STDARG_PROTOTYPES 1

configure: exit 0
